<?xml version="1.0" encoding="UTF-8"?>
<testsuite name="com.ordepdev.springboot.ShipwreckRepositoryIntegrationTest" time="0.222" tests="2" errors="2" skipped="0" failures="0">
  <properties>
[...]
</properties>
  <testcase name="save_and_flush_should_create_a_record" classname="com.ordepdev.springboot.ShipwreckRepositoryIntegrationTest" time="0.079">
    <error message="could not prepare statement; SQL [select shipwreck0_.id as id1_0_0_, shipwreck0_.condition as conditio2_0_0_, shipwreck0_.depth as depth3_0_0_, shipwreck0_.description as descript4_0_0_, shipwreck0_.latitude as latitude5_0_0_, shipwreck0_.longitude as longitud6_0_0_, shipwreck0_.name as name7_0_0_, shipwreck0_.year_discovered as year_dis8_0_0_ from shipwreck shipwreck0_ where shipwreck0_.id=?]; nested exception is org.hibernate.exception.SQLGrammarException: could not prepare statement" type="org.springframework.dao.InvalidDataAccessResourceUsageException"><![CDATA[org.springframework.dao.InvalidDataAccessResourceUsageException: could not prepare statement; SQL [select shipwreck0_.id as id1_0_0_, shipwreck0_.condition as conditio2_0_0_, shipwreck0_.depth as depth3_0_0_, shipwreck0_.description as descript4_0_0_, shipwreck0_.latitude as latitude5_0_0_, shipwreck0_.longitude as longitud6_0_0_, shipwreck0_.name as name7_0_0_, shipwreck0_.year_discovered as year_dis8_0_0_ from shipwreck shipwreck0_ where shipwreck0_.id=?]; nested exception is org.hibernate.exception.SQLGrammarException: could not prepare statement
	at org.h2.message.DbException.getJdbcSQLException(DbException.java:329)
	at org.h2.message.DbException.get(DbException.java:169)
	at org.h2.message.DbException.get(DbException.java:146)
	at org.h2.command.Parser.readTableOrView(Parser.java:4774)
	at org.h2.command.Parser.readTableFilter(Parser.java:1083)
	at org.h2.command.Parser.parseSelectSimpleFromPart(Parser.java:1689)
	at org.h2.command.Parser.parseSelectSimple(Parser.java:1796)
	at org.h2.command.Parser.parseSelectSub(Parser.java:1683)
	at org.h2.command.Parser.parseSelectUnion(Parser.java:1526)
	at org.h2.command.Parser.parseSelect(Parser.java:1514)
	at org.h2.command.Parser.parsePrepared(Parser.java:404)
	at org.h2.command.Parser.parse(Parser.java:278)
	at org.h2.command.Parser.parse(Parser.java:250)
	at org.h2.command.Parser.prepareCommand(Parser.java:217)
	at org.h2.engine.Session.prepareLocal(Session.java:414)
	at org.h2.engine.Session.prepareCommand(Session.java:363)
	at org.h2.jdbc.JdbcConnection.prepareCommand(JdbcConnection.java:1116)
	at org.h2.jdbc.JdbcPreparedStatement.<init>(JdbcPreparedStatement.java:74)
	at org.h2.jdbc.JdbcConnection.prepareStatement(JdbcConnection.java:267)
	at sun.reflect.NativeMethodAccessorImpl.invoke0(Native Method)
	at sun.reflect.NativeMethodAccessorImpl.invoke(NativeMethodAccessorImpl.java:62)
	at sun.reflect.DelegatingMethodAccessorImpl.invoke(DelegatingMethodAccessorImpl.java:43)
	at java.lang.reflect.Method.invoke(Method.java:497)
	at org.apache.tomcat.jdbc.pool.ProxyConnection.invoke(ProxyConnection.java:126)
	at org.apache.tomcat.jdbc.pool.JdbcInterceptor.invoke(JdbcInterceptor.java:108)
	at org.apache.tomcat.jdbc.pool.DisposableConnectionFacade.invoke(DisposableConnectionFacade.java:81)
	at com.sun.proxy.$Proxy57.prepareStatement(Unknown Source)
	at org.hibernate.engine.jdbc.internal.StatementPreparerImpl$5.doPrepare(StatementPreparerImpl.java:162)
	at org.hibernate.engine.jdbc.internal.StatementPreparerImpl$StatementPreparationTemplate.prepareStatement(StatementPreparerImpl.java:186)
	at org.hibernate.engine.jdbc.internal.StatementPreparerImpl.prepareQueryStatement(StatementPreparerImpl.java:160)
	at org.hibernate.loader.Loader.prepareQueryStatement(Loader.java:1885)
	at org.hibernate.loader.Loader.executeQueryStatement(Loader.java:1862)
	at org.hibernate.loader.Loader.executeQueryStatement(Loader.java:1839)
	at org.hibernate.loader.Loader.doQuery(Loader.java:910)
	at org.hibernate.loader.Loader.doQueryAndInitializeNonLazyCollections(Loader.java:355)
	at org.hibernate.loader.Loader.doQueryAndInitializeNonLazyCollections(Loader.java:325)
	at org.hibernate.loader.Loader.loadEntity(Loader.java:2149)
	at org.hibernate.loader.entity.AbstractEntityLoader.load(AbstractEntityLoader.java:78)
	at org.hibernate.loader.entity.AbstractEntityLoader.load(AbstractEntityLoader.java:68)
	at org.hibernate.persister.entity.AbstractEntityPersister.load(AbstractEntityPersister.java:4126)
	at org.hibernate.event.internal.DefaultLoadEventListener.loadFromDatasource(DefaultLoadEventListener.java:503)
	at org.hibernate.event.internal.DefaultLoadEventListener.doLoad(DefaultLoadEventListener.java:468)
	at org.hibernate.event.internal.DefaultLoadEventListener.load(DefaultLoadEventListener.java:213)
	at org.hibernate.event.internal.DefaultLoadEventListener.proxyOrLoad(DefaultLoadEventListener.java:275)
	at org.hibernate.event.internal.DefaultLoadEventListener.onLoad(DefaultLoadEventListener.java:151)
	at org.hibernate.internal.SessionImpl.fireLoad(SessionImpl.java:1106)
	at org.hibernate.internal.SessionImpl.access$2000(SessionImpl.java:176)
	at org.hibernate.internal.SessionImpl$IdentifierLoadAccessImpl.load(SessionImpl.java:2587)
	at org.hibernate.internal.SessionImpl.get(SessionImpl.java:996)
	at org.hibernate.event.internal.DefaultMergeEventListener.entityIsDetached(DefaultMergeEventListener.java:306)
	at org.hibernate.event.internal.DefaultMergeEventListener.onMerge(DefaultMergeEventListener.java:186)
	at org.hibernate.event.internal.DefaultMergeEventListener.onMerge(DefaultMergeEventListener.java:85)
	at org.hibernate.internal.SessionImpl.fireMerge(SessionImpl.java:876)
	at org.hibernate.internal.SessionImpl.merge(SessionImpl.java:858)
	at org.hibernate.internal.SessionImpl.merge(SessionImpl.java:863)
	at org.hibernate.jpa.spi.AbstractEntityManagerImpl.merge(AbstractEntityManagerImpl.java:1196)
	at sun.reflect.NativeMethodAccessorImpl.invoke0(Native Method)
	at sun.reflect.NativeMethodAccessorImpl.invoke(NativeMethodAccessorImpl.java:62)
	at sun.reflect.DelegatingMethodAccessorImpl.invoke(DelegatingMethodAccessorImpl.java:43)
	at java.lang.reflect.Method.invoke(Method.java:497)
	at org.springframework.orm.jpa.SharedEntityManagerCreator$SharedEntityManagerInvocationHandler.invoke(SharedEntityManagerCreator.java:294)
	at com.sun.proxy.$Proxy66.merge(Unknown Source)
	at org.springframework.data.jpa.repository.support.SimpleJpaRepository.save(SimpleJpaRepository.java:442)
	at org.springframework.data.jpa.repository.support.SimpleJpaRepository.saveAndFlush(SimpleJpaRepository.java:453)
	at sun.reflect.NativeMethodAccessorImpl.invoke0(Native Method)
	at sun.reflect.NativeMethodAccessorImpl.invoke(NativeMethodAccessorImpl.java:62)
	at sun.reflect.DelegatingMethodAccessorImpl.invoke(DelegatingMethodAccessorImpl.java:43)
	at java.lang.reflect.Method.invoke(Method.java:497)
	at org.springframework.data.repository.core.support.RepositoryFactorySupport$QueryExecutorMethodInterceptor.executeMethodOn(RepositoryFactorySupport.java:483)
	at org.springframework.data.repository.core.support.RepositoryFactorySupport$QueryExecutorMethodInterceptor.doInvoke(RepositoryFactorySupport.java:468)
	at org.springframework.data.repository.core.support.RepositoryFactorySupport$QueryExecutorMethodInterceptor.invoke(RepositoryFactorySupport.java:440)
	at org.springframework.aop.framework.ReflectiveMethodInvocation.proceed(ReflectiveMethodInvocation.java:179)
	at org.springframework.data.projection.DefaultMethodInvokingMethodInterceptor.invoke(DefaultMethodInvokingMethodInterceptor.java:61)
	at org.springframework.aop.framework.ReflectiveMethodInvocation.proceed(ReflectiveMethodInvocation.java:179)
	at org.springframework.transaction.interceptor.TransactionInterceptor$1.proceedWithInvocation(TransactionInterceptor.java:99)
	at org.springframework.transaction.interceptor.TransactionAspectSupport.invokeWithinTransaction(TransactionAspectSupport.java:281)
	at org.springframework.transaction.interceptor.TransactionInterceptor.invoke(TransactionInterceptor.java:96)
	at org.springframework.aop.framework.ReflectiveMethodInvocation.proceed(ReflectiveMethodInvocation.java:179)
	at org.springframework.dao.support.PersistenceExceptionTranslationInterceptor.invoke(PersistenceExceptionTranslationInterceptor.java:136)
	at org.springframework.aop.framework.ReflectiveMethodInvocation.proceed(ReflectiveMethodInvocation.java:179)
	at org.springframework.data.jpa.repository.support.CrudMethodMetadataPostProcessor$CrudMethodMetadataPopulatingMethodInterceptor.invoke(CrudMethodMetadataPostProcessor.java:131)
	at org.springframework.aop.framework.ReflectiveMethodInvocation.proceed(ReflectiveMethodInvocation.java:179)
	at org.springframework.aop.interceptor.ExposeInvocationInterceptor.invoke(ExposeInvocationInterceptor.java:92)
	at org.springframework.aop.framework.ReflectiveMethodInvocation.proceed(ReflectiveMethodInvocation.java:179)
	at org.springframework.aop.framework.JdkDynamicAopProxy.invoke(JdkDynamicAopProxy.java:208)
	at com.sun.proxy.$Proxy68.saveAndFlush(Unknown Source)
	at com.ordepdev.springboot.ShipwreckRepositoryIntegrationTest.save_and_flush_should_create_a_record(ShipwreckRepositoryIntegrationTest.java:28)
]]></error>
    <system-out><![CDATA[16:49:15.921 [main] DEBUG o.s.t.c.j.SpringJUnit4ClassRunner - SpringJUnit4ClassRunner constructor called with [class com.ordepdev.springboot.ShipwreckRepositoryIntegrationTest]
16:49:15.922 [main] DEBUG o.s.test.context.BootstrapUtils - Instantiating CacheAwareContextLoaderDelegate from class [org.springframework.test.context.cache.DefaultCacheAwareContextLoaderDelegate]
16:49:15.922 [main] DEBUG o.s.test.context.BootstrapUtils - Instantiating BootstrapContext using constructor [public org.springframework.test.context.support.DefaultBootstrapContext(java.lang.Class,org.springframework.test.context.CacheAwareContextLoaderDelegate)]
16:49:15.923 [main] DEBUG o.s.test.context.BootstrapUtils - Instantiating TestContextBootstrapper for test class [com.ordepdev.springboot.ShipwreckRepositoryIntegrationTest] from class [org.springframework.test.context.support.DefaultTestContextBootstrapper]
16:49:15.926 [main] DEBUG o.s.t.c.s.DefaultTestContextBootstrapper - Found explicit ContextLoader class [org.springframework.boot.test.SpringApplicationContextLoader] for context configuration attributes [ContextConfigurationAttributes@2f7c2f4f declaringClass = 'com.ordepdev.springboot.ShipwreckRepositoryIntegrationTest', classes = '{class com.ordepdev.springboot.App}', locations = '{}', inheritLocations = true, initializers = '{}', inheritInitializers = true, name = [null], contextLoaderClass = 'org.springframework.boot.test.SpringApplicationContextLoader']
16:49:15.927 [main] DEBUG o.s.t.c.s.AbstractContextLoader - Did not detect default resource location for test class [com.ordepdev.springboot.ShipwreckRepositoryIntegrationTest]: class path resource [com/ordepdev/springboot/ShipwreckRepositoryIntegrationTest-context.xml] does not exist
16:49:15.927 [main] DEBUG o.s.t.c.s.AbstractContextLoader - Did not detect default resource location for test class [com.ordepdev.springboot.ShipwreckRepositoryIntegrationTest]: class path resource [com/ordepdev/springboot/ShipwreckRepositoryIntegrationTestContext.groovy] does not exist
16:49:15.927 [main] INFO  o.s.t.c.s.AbstractContextLoader - Could not detect default resource locations for test class [com.ordepdev.springboot.ShipwreckRepositoryIntegrationTest]: no resource found for suffixes {-context.xml, Context.groovy}.
16:49:15.928 [main] DEBUG o.s.t.c.support.ActiveProfilesUtils - Could not find an 'annotation declaring class' for annotation type [org.springframework.test.context.ActiveProfiles] and class [com.ordepdev.springboot.ShipwreckRepositoryIntegrationTest]
16:49:15.929 [main] DEBUG o.s.t.c.s.DefaultTestContextBootstrapper - @TestExecutionListeners is not present for class [com.ordepdev.springboot.ShipwreckRepositoryIntegrationTest]: using defaults.
16:49:15.931 [main] INFO  o.s.t.c.s.DefaultTestContextBootstrapper - Loaded default TestExecutionListener class names from location [META-INF/spring.factories]: [org.springframework.test.context.web.ServletTestExecutionListener, org.springframework.test.context.support.DirtiesContextBeforeModesTestExecutionListener, org.springframework.test.context.support.DependencyInjectionTestExecutionListener, org.springframework.test.context.support.DirtiesContextTestExecutionListener, org.springframework.test.context.transaction.TransactionalTestExecutionListener, org.springframework.test.context.jdbc.SqlScriptsTestExecutionListener]
16:49:15.932 [main] INFO  o.s.t.c.s.DefaultTestContextBootstrapper - Using TestExecutionListeners: [org.springframework.test.context.web.ServletTestExecutionListener@69b2283a, org.springframework.test.context.support.DirtiesContextBeforeModesTestExecutionListener@22a637e7, org.springframework.test.context.support.DependencyInjectionTestExecutionListener@6fe7aac8, org.springframework.test.context.support.DirtiesContextTestExecutionListener@1d119efb, org.springframework.test.context.transaction.TransactionalTestExecutionListener@659a969b, org.springframework.test.context.jdbc.SqlScriptsTestExecutionListener@76908cc0]
16:49:15.933 [main] DEBUG o.s.t.annotation.ProfileValueUtils - Retrieved @ProfileValueSourceConfiguration [null] for test class [com.ordepdev.springboot.ShipwreckRepositoryIntegrationTest]
16:49:15.933 [main] DEBUG o.s.t.annotation.ProfileValueUtils - Retrieved ProfileValueSource type [class org.springframework.test.annotation.SystemProfileValueSource] for class [com.ordepdev.springboot.ShipwreckRepositoryIntegrationTest]
16:49:15.933 [main] DEBUG o.s.t.annotation.ProfileValueUtils - Retrieved @ProfileValueSourceConfiguration [null] for test class [com.ordepdev.springboot.ShipwreckRepositoryIntegrationTest]
16:49:15.934 [main] DEBUG o.s.t.annotation.ProfileValueUtils - Retrieved ProfileValueSource type [class org.springframework.test.annotation.SystemProfileValueSource] for class [com.ordepdev.springboot.ShipwreckRepositoryIntegrationTest]
16:49:15.936 [main] DEBUG o.s.t.c.s.AbstractDirtiesContextTestExecutionListener - Before test class: context [DefaultTestContext@4c9f8c13 testClass = ShipwreckRepositoryIntegrationTest, testInstance = [null], testMethod = [null], testException = [null], mergedContextConfiguration = [MergedContextConfiguration@5ae50ce6 testClass = ShipwreckRepositoryIntegrationTest, locations = '{}', classes = '{class com.ordepdev.springboot.App}', contextInitializerClasses = '[]', activeProfiles = '{}', propertySourceLocations = '{}', propertySourceProperties = '{}', contextLoader = 'org.springframework.boot.test.SpringApplicationContextLoader', parent = [null]]], class annotated with @DirtiesContext [false] with mode [null].
16:49:15.936 [main] DEBUG o.s.t.annotation.ProfileValueUtils - Retrieved @ProfileValueSourceConfiguration [null] for test class [com.ordepdev.springboot.ShipwreckRepositoryIntegrationTest]
16:49:15.936 [main] DEBUG o.s.t.annotation.ProfileValueUtils - Retrieved ProfileValueSource type [class org.springframework.test.annotation.SystemProfileValueSource] for class [com.ordepdev.springboot.ShipwreckRepositoryIntegrationTest]
16:49:15.939 [main] DEBUG o.s.t.c.s.DependencyInjectionTestExecutionListener - Performing dependency injection for test context [[DefaultTestContext@4c9f8c13 testClass = ShipwreckRepositoryIntegrationTest, testInstance = com.ordepdev.springboot.ShipwreckRepositoryIntegrationTest@3c419631, testMethod = [null], testException = [null], mergedContextConfiguration = [MergedContextConfiguration@5ae50ce6 testClass = ShipwreckRepositoryIntegrationTest, locations = '{}', classes = '{class com.ordepdev.springboot.App}', contextInitializerClasses = '[]', activeProfiles = '{}', propertySourceLocations = '{}', propertySourceProperties = '{}', contextLoader = 'org.springframework.boot.test.SpringApplicationContextLoader', parent = [null]]]].
16:49:16.030 [main] DEBUG o.s.core.env.StandardEnvironment - Adding [systemProperties] PropertySource with lowest search precedence
16:49:16.033 [main] DEBUG o.s.core.env.StandardEnvironment - Adding [systemEnvironment] PropertySource with lowest search precedence
16:49:16.033 [main] DEBUG o.s.core.env.StandardEnvironment - Initialized StandardEnvironment with PropertySources [systemProperties,systemEnvironment]
16:49:16.038 [main] DEBUG o.s.core.env.StandardEnvironment - Adding [integrationTest] PropertySource with search precedence immediately lower than [systemEnvironment]

  .   ____          _            __ _ _
 /\\ / ___'_ __ _ _(_)_ __  __ _ \ \ \ \
( ( )\___ | '_ | '_| | '_ \/ _` | \ \ \ \
 \\/  ___)| |_)| | | | | || (_| |  ) ) ) )
  '  |____| .__|_| |_|_| |_\__, | / / / /
 =========|_|==============|___/=/_/_/_/
 :: Spring Boot ::        (v1.3.3.RELEASE)

2016-04-17 16:49:16.655  INFO 29772 --- [           main] c.o.s.ShipwreckRepositoryIntegrationTest : Starting ShipwreckRepositoryIntegrationTest on Pedros-MacBook-Air.local with PID 29772 (/Users/pedrotavares/Documents/workspace-sts-3.7.3.RELEASE/springboot/target/test-classes started by pedrotavares in /Users/pedrotavares/Documents/workspace-sts-3.7.3.RELEASE/springboot)
2016-04-17 16:49:16.656  INFO 29772 --- [           main] c.o.s.ShipwreckRepositoryIntegrationTest : No active profile set, falling back to default profiles: default
2016-04-17 16:49:16.797  INFO 29772 --- [           main] s.c.a.AnnotationConfigApplicationContext : Refreshing org.springframework.context.annotation.AnnotationConfigApplicationContext@7205765b: startup date [Sun Apr 17 16:49:16 WEST 2016]; root of context hierarchy
2016-04-17 16:49:18.522  INFO 29772 --- [           main] o.f.core.internal.util.VersionPrinter    : Flyway 4.0 by Boxfuse
2016-04-17 16:49:18.840  INFO 29772 --- [           main] o.f.c.i.dbsupport.DbSupportFactory       : Database: jdbc:h2:file:~/springboot (H2 1.3)
2016-04-17 16:49:18.892  INFO 29772 --- [           main] o.f.core.internal.command.DbValidate     : Successfully validated 1 migration (execution time 00:00.016s)
2016-04-17 16:49:18.914  INFO 29772 --- [           main] o.f.core.internal.command.DbMigrate      : Current version of schema "PUBLIC": 1
2016-04-17 16:49:18.914  INFO 29772 --- [           main] o.f.core.internal.command.DbMigrate      : Schema "PUBLIC" is up to date. No migration necessary.
2016-04-17 16:49:19.057  INFO 29772 --- [           main] j.LocalContainerEntityManagerFactoryBean : Building JPA container EntityManagerFactory for persistence unit 'default'
2016-04-17 16:49:19.095  INFO 29772 --- [           main] o.hibernate.jpa.internal.util.LogHelper  : HHH000204: Processing PersistenceUnitInfo [
	name: default
	...]
2016-04-17 16:49:19.227  INFO 29772 --- [           main] org.hibernate.Version                    : HHH000412: Hibernate Core {4.3.11.Final}
2016-04-17 16:49:19.228  INFO 29772 --- [           main] org.hibernate.cfg.Environment            : HHH000206: hibernate.properties not found
2016-04-17 16:49:19.230  INFO 29772 --- [           main] org.hibernate.cfg.Environment            : HHH000021: Bytecode provider name : javassist
2016-04-17 16:49:19.455  INFO 29772 --- [           main] o.hibernate.annotations.common.Version   : HCANN000001: Hibernate Commons Annotations {4.0.5.Final}
2016-04-17 16:49:19.532  INFO 29772 --- [           main] org.hibernate.dialect.Dialect            : HHH000400: Using dialect: org.hibernate.dialect.H2Dialect
2016-04-17 16:49:19.677  INFO 29772 --- [           main] o.h.h.i.ast.ASTQueryTranslatorFactory    : HHH000397: Using ASTQueryTranslatorFactory
2016-04-17 16:49:19.681  WARN 29772 --- [           main] org.hibernate.cfg.SettingsFactory        : Unrecognized value for "hibernate.hbm2ddl.auto": false
2016-04-17 16:49:20.654  INFO 29772 --- [           main] c.o.s.ShipwreckRepositoryIntegrationTest : Started ShipwreckRepositoryIntegrationTest in 4.613 seconds (JVM running for 5.571)
2016-04-17 16:49:20.708  WARN 29772 --- [           main] o.h.engine.jdbc.spi.SqlExceptionHelper   : SQL Error: 42102, SQLState: 42S02
2016-04-17 16:49:20.709 ERROR 29772 --- [           main] o.h.engine.jdbc.spi.SqlExceptionHelper   : Table "SHIPWRECK" not found; SQL statement:
select shipwreck0_.id as id1_0_0_, shipwreck0_.condition as conditio2_0_0_, shipwreck0_.depth as depth3_0_0_, shipwreck0_.description as descript4_0_0_, shipwreck0_.latitude as latitude5_0_0_, shipwreck0_.longitude as longitud6_0_0_, shipwreck0_.name as name7_0_0_, shipwreck0_.year_discovered as year_dis8_0_0_ from shipwreck shipwreck0_ where shipwreck0_.id=? [42102-170]
2016-04-17 16:49:20.711  INFO 29772 --- [           main] o.h.e.internal.DefaultLoadEventListener  : HHH000327: Error performing load command : org.hibernate.exception.SQLGrammarException: could not prepare statement
]]></system-out>
  </testcase>
  <testcase name="find_all_should_return_results" classname="com.ordepdev.springboot.ShipwreckRepositoryIntegrationTest" time="0.143">
    <error message="could not prepare statement; SQL [select shipwreck0_.id as id1_0_, shipwreck0_.condition as conditio2_0_, shipwreck0_.depth as depth3_0_, shipwreck0_.description as descript4_0_, shipwreck0_.latitude as latitude5_0_, shipwreck0_.longitude as longitud6_0_, shipwreck0_.name as name7_0_, shipwreck0_.year_discovered as year_dis8_0_ from shipwreck shipwreck0_]; nested exception is org.hibernate.exception.SQLGrammarException: could not prepare statement" type="org.springframework.dao.InvalidDataAccessResourceUsageException"><![CDATA[org.springframework.dao.InvalidDataAccessResourceUsageException: could not prepare statement; SQL [select shipwreck0_.id as id1_0_, shipwreck0_.condition as conditio2_0_, shipwreck0_.depth as depth3_0_, shipwreck0_.description as descript4_0_, shipwreck0_.latitude as latitude5_0_, shipwreck0_.longitude as longitud6_0_, shipwreck0_.name as name7_0_, shipwreck0_.year_discovered as year_dis8_0_ from shipwreck shipwreck0_]; nested exception is org.hibernate.exception.SQLGrammarException: could not prepare statement
	at org.h2.message.DbException.getJdbcSQLException(DbException.java:329)
	at org.h2.message.DbException.get(DbException.java:169)
	at org.h2.message.DbException.get(DbException.java:146)
	at org.h2.command.Parser.readTableOrView(Parser.java:4774)
	at org.h2.command.Parser.readTableFilter(Parser.java:1083)
	at org.h2.command.Parser.parseSelectSimpleFromPart(Parser.java:1689)
	at org.h2.command.Parser.parseSelectSimple(Parser.java:1796)
	at org.h2.command.Parser.parseSelectSub(Parser.java:1683)
	at org.h2.command.Parser.parseSelectUnion(Parser.java:1526)
	at org.h2.command.Parser.parseSelect(Parser.java:1514)
	at org.h2.command.Parser.parsePrepared(Parser.java:404)
	at org.h2.command.Parser.parse(Parser.java:278)
	at org.h2.command.Parser.parse(Parser.java:250)
	at org.h2.command.Parser.prepareCommand(Parser.java:217)
	at org.h2.engine.Session.prepareLocal(Session.java:414)
	at org.h2.engine.Session.prepareCommand(Session.java:363)
	at org.h2.jdbc.JdbcConnection.prepareCommand(JdbcConnection.java:1116)
	at org.h2.jdbc.JdbcPreparedStatement.<init>(JdbcPreparedStatement.java:74)
	at org.h2.jdbc.JdbcConnection.prepareStatement(JdbcConnection.java:267)
	at sun.reflect.NativeMethodAccessorImpl.invoke0(Native Method)
	at sun.reflect.NativeMethodAccessorImpl.invoke(NativeMethodAccessorImpl.java:62)
	at sun.reflect.DelegatingMethodAccessorImpl.invoke(DelegatingMethodAccessorImpl.java:43)
	at java.lang.reflect.Method.invoke(Method.java:497)
	at org.apache.tomcat.jdbc.pool.ProxyConnection.invoke(ProxyConnection.java:126)
	at org.apache.tomcat.jdbc.pool.JdbcInterceptor.invoke(JdbcInterceptor.java:108)
	at org.apache.tomcat.jdbc.pool.DisposableConnectionFacade.invoke(DisposableConnectionFacade.java:81)
	at com.sun.proxy.$Proxy57.prepareStatement(Unknown Source)
	at org.hibernate.engine.jdbc.internal.StatementPreparerImpl$5.doPrepare(StatementPreparerImpl.java:162)
	at org.hibernate.engine.jdbc.internal.StatementPreparerImpl$StatementPreparationTemplate.prepareStatement(StatementPreparerImpl.java:186)
	at org.hibernate.engine.jdbc.internal.StatementPreparerImpl.prepareQueryStatement(StatementPreparerImpl.java:160)
	at org.hibernate.loader.Loader.prepareQueryStatement(Loader.java:1885)
	at org.hibernate.loader.Loader.executeQueryStatement(Loader.java:1862)
	at org.hibernate.loader.Loader.executeQueryStatement(Loader.java:1839)
	at org.hibernate.loader.Loader.doQuery(Loader.java:910)
	at org.hibernate.loader.Loader.doQueryAndInitializeNonLazyCollections(Loader.java:355)
	at org.hibernate.loader.Loader.doList(Loader.java:2554)
	at org.hibernate.loader.Loader.doList(Loader.java:2540)
	at org.hibernate.loader.Loader.listIgnoreQueryCache(Loader.java:2370)
	at org.hibernate.loader.Loader.list(Loader.java:2365)
	at org.hibernate.loader.hql.QueryLoader.list(QueryLoader.java:497)
	at org.hibernate.hql.internal.ast.QueryTranslatorImpl.list(QueryTranslatorImpl.java:387)
	at org.hibernate.engine.query.spi.HQLQueryPlan.performList(HQLQueryPlan.java:236)
	at org.hibernate.internal.SessionImpl.list(SessionImpl.java:1300)
	at org.hibernate.internal.QueryImpl.list(QueryImpl.java:103)
	at org.hibernate.jpa.internal.QueryImpl.list(QueryImpl.java:573)
	at org.hibernate.jpa.internal.QueryImpl.getResultList(QueryImpl.java:449)
	at org.hibernate.jpa.criteria.compile.CriteriaQueryTypeQueryAdapter.getResultList(CriteriaQueryTypeQueryAdapter.java:67)
	at org.springframework.data.jpa.repository.support.SimpleJpaRepository.findAll(SimpleJpaRepository.java:323)
	at sun.reflect.NativeMethodAccessorImpl.invoke0(Native Method)
	at sun.reflect.NativeMethodAccessorImpl.invoke(NativeMethodAccessorImpl.java:62)
	at sun.reflect.DelegatingMethodAccessorImpl.invoke(DelegatingMethodAccessorImpl.java:43)
	at java.lang.reflect.Method.invoke(Method.java:497)
	at org.springframework.data.repository.core.support.RepositoryFactorySupport$QueryExecutorMethodInterceptor.executeMethodOn(RepositoryFactorySupport.java:483)
	at org.springframework.data.repository.core.support.RepositoryFactorySupport$QueryExecutorMethodInterceptor.doInvoke(RepositoryFactorySupport.java:468)
	at org.springframework.data.repository.core.support.RepositoryFactorySupport$QueryExecutorMethodInterceptor.invoke(RepositoryFactorySupport.java:440)
	at org.springframework.aop.framework.ReflectiveMethodInvocation.proceed(ReflectiveMethodInvocation.java:179)
	at org.springframework.data.projection.DefaultMethodInvokingMethodInterceptor.invoke(DefaultMethodInvokingMethodInterceptor.java:61)
	at org.springframework.aop.framework.ReflectiveMethodInvocation.proceed(ReflectiveMethodInvocation.java:179)
	at org.springframework.transaction.interceptor.TransactionInterceptor$1.proceedWithInvocation(TransactionInterceptor.java:99)
	at org.springframework.transaction.interceptor.TransactionAspectSupport.invokeWithinTransaction(TransactionAspectSupport.java:281)
	at org.springframework.transaction.interceptor.TransactionInterceptor.invoke(TransactionInterceptor.java:96)
	at org.springframework.aop.framework.ReflectiveMethodInvocation.proceed(ReflectiveMethodInvocation.java:179)
	at org.springframework.dao.support.PersistenceExceptionTranslationInterceptor.invoke(PersistenceExceptionTranslationInterceptor.java:136)
	at org.springframework.aop.framework.ReflectiveMethodInvocation.proceed(ReflectiveMethodInvocation.java:179)
	at org.springframework.data.jpa.repository.support.CrudMethodMetadataPostProcessor$CrudMethodMetadataPopulatingMethodInterceptor.invoke(CrudMethodMetadataPostProcessor.java:131)
	at org.springframework.aop.framework.ReflectiveMethodInvocation.proceed(ReflectiveMethodInvocation.java:179)
	at org.springframework.aop.interceptor.ExposeInvocationInterceptor.invoke(ExposeInvocationInterceptor.java:92)
	at org.springframework.aop.framework.ReflectiveMethodInvocation.proceed(ReflectiveMethodInvocation.java:179)
	at org.springframework.aop.framework.JdkDynamicAopProxy.invoke(JdkDynamicAopProxy.java:208)
	at com.sun.proxy.$Proxy68.findAll(Unknown Source)
	at com.ordepdev.springboot.ShipwreckRepositoryIntegrationTest.find_all_should_return_results(ShipwreckRepositoryIntegrationTest.java:33)
]]></error>
    <system-out><![CDATA[2016-04-17 16:49:20.877  WARN 29772 --- [           main] o.h.engine.jdbc.spi.SqlExceptionHelper   : SQL Error: 42102, SQLState: 42S02
2016-04-17 16:49:20.877 ERROR 29772 --- [           main] o.h.engine.jdbc.spi.SqlExceptionHelper   : Table "SHIPWRECK" not found; SQL statement:
select shipwreck0_.id as id1_0_, shipwreck0_.condition as conditio2_0_, shipwreck0_.depth as depth3_0_, shipwreck0_.description as descript4_0_, shipwreck0_.latitude as latitude5_0_, shipwreck0_.longitude as longitud6_0_, shipwreck0_.name as name7_0_, shipwreck0_.year_discovered as year_dis8_0_ from shipwreck shipwreck0_ [42102-170]
]]></system-out>
  </testcase>
</testsuite>